[Container] 2019/12/15 05:20:21 Running command export AWS_EXPIRATION=$(echo ${CREDENTIALS} | jq -r '.Credentials.Expiration') 
 
[Container] 2019/12/15 05:20:21 Running command aws eks update-kubeconfig --name $EKS_CLUSTER_NAME 
Added new context arn:aws:eks:us-west-2:617952380396:cluster/simple-jwt-api to /root/.kube/config 
 
[Container] 2019/12/15 05:20:22 Running command echo ${CREDENTIALS} 
{ "Credentials": { "Expiration": "2019-12-15T05:35:21Z", "SecretAccessKey": "gEyW6vLsGwJmbVCFpB4fbdsC3cZaJPECSMUwkJH5", "AccessKeyId": "ASIAY7YGVAXWCZUFOYEY", "SessionToken": "FwoGZXIvYXdzEA8aDH3c4j/vNi6Ov7GE4CLTAePovwgASI2/9y5DYAIVeE8HFrN6O0RtzfDBMUMv2PM5qNWEHV4+oyD8hvR6ctpJWgVNOTtK/xDuGvg9/lyDhL5rNcSZPOtqUAdvnm4nGC8Q+C0edJLrErFOxcXLjLZuo00rY6YnWIVxjemvJnmQ9hMzNzR/GMRd7Yjuaqe86TBzShIAaXvUkH3yW/KoO6rj6xgNEA3/8X1s6CNsQz6ndXip/sWOqAyHw9ZOHn0qLFUk/VOOZCDIJgnJJLmY6wFs4TG9frsXepbyS+DMVoTR7W/wwwsolYXX7wUyS8CZ4s7D03jboOAv5yGw3nz9YW8/82MwKxsQPyc3UfYij5eSaCX1z8+XVMYks+aN6FH+mCo26u264xi2kN45vOYbAG0/Q5RgWOmKRw==" }, "AssumedRoleUser": { "Arn": "arn:aws:sts::617952380396:assumed-role/UdacityFlaskDeployCBKubectlRole/codebuild-kubectl", "AssumedRoleId": "AROAY7YGVAXWMHAMCTG22:codebuild-kubectl" } } 
 
[Container] 2019/12/15 05:20:22 Running command kubectl apply -f simple_jwt_api.yml 
unable to recognize "simple_jwt_api.yml": Unauthorized 
unable to recognize "simple_jwt_api.yml": Unauthorized 
 
[Container] 2019/12/15 05:20:24 Command did not exit successfully kubectl apply -f simple_jwt_api.yml exit status 1 
[Container] 2019/12/15 05:20:24 Phase complete: POST_BUILD State: FAILED 
[Container] 2019/12/15 05:20:24 Phase context status code: COMMAND_EXECUTION_ERROR Message: Error while executing command: kubectl apply -f simple_jwt_api.yml. Reason: exit status 1 
[Container] 2019/12/15 05:20:24 Expanding base directory path: . 
[Container] 2019/12/15 05:20:24 Assembling file list 
[Container] 2019/12/15 05:20:24 Expanding . 
[Container] 2019/12/15 05:20:24 Expanding file paths for base directory . 
[Container] 2019/12/15 05:20:24 Assembling file list 
[Container] 2019/12/15 05:20:24 Expanding build.json 
[Container] 2019/12/15 05:20:24 Skipping invalid file path build.json 
[Container] 2019/12/15 05:20:24 Phase complete: UPLOAD_ARTIFACTS State: FAILED 
[Container] 2019/12/15 05:20:24 Phase context status code: CLIENT_ERROR Message: no matching artifact paths found 